Copyright 1986-2022 Xilinx, Inc. All Rights Reserved. Copyright 2022-2023 Advanced Micro Devices, Inc. All Rights Reserved.
---------------------------------------------------------------------------------------------------------------------------------------------
| Tool Version : Vivado v.2023.1 (win64) Build 3865809 Sun May  7 15:05:29 MDT 2023
| Date         : Wed Dec 11 13:25:21 2024
| Host         : Ha-Do running 64-bit major release  (build 9200)
| Command      : report_control_sets -verbose -file design_1_wrapper_control_sets_placed.rpt
| Design       : design_1_wrapper
| Device       : xc7z020
---------------------------------------------------------------------------------------------------------------------------------------------

Control Set Information

Table of Contents
-----------------
1. Summary
2. Histogram
3. Flip-Flop Distribution
4. Detailed Control Set Information

1. Summary
----------

+----------------------------------------------------------+-------+
|                          Status                          | Count |
+----------------------------------------------------------+-------+
| Total control sets                                       |     9 |
|    Minimum number of control sets                        |     9 |
|    Addition due to synthesis replication                 |     0 |
|    Addition due to physical synthesis replication        |     0 |
| Unused register locations in slices containing registers |    32 |
+----------------------------------------------------------+-------+
* Control sets can be merged at opt_design using control_set_merge or merge_equivalent_drivers
** Run report_qor_suggestions for automated merging and remapping suggestions


2. Histogram
------------

+--------------------+-------+
|       Fanout       | Count |
+--------------------+-------+
| Total control sets |     9 |
| >= 0 to < 4        |     0 |
| >= 4 to < 6        |     0 |
| >= 6 to < 8        |     4 |
| >= 8 to < 10       |     0 |
| >= 10 to < 12      |     0 |
| >= 12 to < 14      |     0 |
| >= 14 to < 16      |     0 |
| >= 16              |     5 |
+--------------------+-------+
* Control sets can be remapped at either synth_design or opt_design


3. Flip-Flop Distribution
-------------------------

+--------------+-----------------------+------------------------+-----------------+--------------+
| Clock Enable | Synchronous Set/Reset | Asynchronous Set/Reset | Total Registers | Total Slices |
+--------------+-----------------------+------------------------+-----------------+--------------+
| No           | No                    | No                     |              32 |           15 |
| No           | No                    | Yes                    |               0 |            0 |
| No           | Yes                   | No                     |             256 |           77 |
| Yes          | No                    | No                     |               0 |            0 |
| Yes          | No                    | Yes                    |               0 |            0 |
| Yes          | Yes                   | No                     |               0 |            0 |
+--------------+-----------------------+------------------------+-----------------+--------------+


4. Detailed Control Set Information
-----------------------------------

+-------------------+---------------+---------------------------------------+------------------+----------------+--------------+
|    Clock Signal   | Enable Signal |            Set/Reset Signal           | Slice Load Count | Bel Load Count | Bels / Slice |
+-------------------+---------------+---------------------------------------+------------------+----------------+--------------+
|  ap_clk_IBUF_BUFG |               | design_1_i/debouncer_1/U0/counter[18] |                3 |              7 |         2.33 |
|  ap_clk_IBUF_BUFG |               | design_1_i/debouncer_0/U0/counter[18] |                2 |              7 |         3.50 |
|  ap_clk_IBUF_BUFG |               | design_1_i/debouncer_3/U0/counter[18] |                2 |              7 |         3.50 |
|  ap_clk_IBUF_BUFG |               | design_1_i/debouncer_2/U0/counter[18] |                3 |              7 |         2.33 |
|  ap_clk_IBUF_BUFG |               |                                       |               15 |             32 |         2.13 |
|  ap_clk_IBUF_BUFG |               | design_1_i/debouncer_1/U0/counter[63] |               17 |             57 |         3.35 |
|  ap_clk_IBUF_BUFG |               | design_1_i/debouncer_0/U0/counter[63] |               16 |             57 |         3.56 |
|  ap_clk_IBUF_BUFG |               | design_1_i/debouncer_3/U0/counter[63] |               17 |             57 |         3.35 |
|  ap_clk_IBUF_BUFG |               | design_1_i/debouncer_2/U0/counter[63] |               17 |             57 |         3.35 |
+-------------------+---------------+---------------------------------------+------------------+----------------+--------------+


