INFO: [COSIM-47] Using XSIM for RTL simulation.
INFO: [COSIM-14] Instrumenting C test bench ...
   Build using "/tools/Xilinx/Vitis_HLS/2023.1/tps/lnx64/gcc-8.3.0/bin/g++"
   Compiling apatb_pulse_detector.cpp
   Compiling pulse_detector.cpp_pre.cpp.tb.cpp
   Compiling pulse_detector-tb.cpp_pre.cpp.tb.cpp
   Compiling apatb_pulse_detector_ir.ll
   Generating cosim.tv.exe
INFO: [COSIM-302] Starting C TB testing ... 
INFO: [COSIM-333] Generating C post check test bench ...
INFO: [COSIM-12] Generating RTL test bench ...
INFO: [COSIM-1] *** C/RTL co-simulation file generation completed. ***
INFO: [COSIM-323] Starting verilog simulation. 
INFO: [COSIM-15] Starting XSIM ...
INFO: [COSIM-316] Starting C post checking ...
 pulse = 0, reset = 0 | output = 0
 pulse = 0, reset = 0 | output = 0
 pulse = 0, reset = 0 | output = 0
 pulse = 0, reset = 0 | output = 0
 pulse = 0, reset = 0 | output = 0
 pulse = 1, reset = 0 | output = 1
 pulse = 0, reset = 0 | output = 1
 pulse = 0, reset = 0 | output = 1
 pulse = 0, reset = 0 | output = 1
 pulse = 0, reset = 0 | output = 1
 pulse = 0, reset = 0 | output = 1
 pulse = 0, reset = 1 | output = 0
 pulse = 0, reset = 0 | output = 0
 pulse = 0, reset = 0 | output = 0
 pulse = 0, reset = 0 | output = 0
 pulse = 0, reset = 0 | output = 0
 pulse = 0, reset = 0 | output = 0
Vivado Simulator v2023.1
Copyright 1986-2022 Xilinx, Inc. All Rights Reserved.
Copyright 2022-2023 Advanced Micro Devices, Inc. All Rights Reserved.
Running: /tools/Xilinx/Vivado/2023.1/bin/unwrapped/lnx64.o/xelab xil_defaultlib.apatb_pulse_detector_top glbl -Oenable_linking_all_libraries -prj pulse_detector.prj -L smartconnect_v1_0 -L axi_protocol_checker_v1_1_12 -L axi_protocol_checker_v1_1_13 -L axis_protocol_checker_v1_1_11 -L axis_protocol_checker_v1_1_12 -L xil_defaultlib -L unisims_ver -L xpm -L floating_point_v7_1_15 -L floating_point_v7_0_20 --lib ieee_proposed=./ieee_proposed -s pulse_detector -debug all 
Multi-threading is on. Using 14 slave threads.
WARNING: [XSIM 43-3431] One or more environment variables have been detected which affect the operation of the C compiler. These are typically not set in standard installations and are not tested by Xilinx, however they may be appropriate for your system, so the flow will attempt to continue.  If errors occur, try running xelab with the "-mt off -v 1" switches to see more information from the C compiler. The following environment variables have been detected:
    LIBRARY_PATH
INFO: [VRFC 10-2263] Analyzing SystemVerilog file "/home/minh/Documents/UTU-work-related/VHDL_2024/exercise_5/vending-machine/pulse_detector-vitishls-ip/pulse_detector-vitishls/solution1/sim/verilog/glbl.v" into library work
INFO: [VRFC 10-311] analyzing module glbl
INFO: [VRFC 10-2263] Analyzing SystemVerilog file "/home/minh/Documents/UTU-work-related/VHDL_2024/exercise_5/vending-machine/pulse_detector-vitishls-ip/pulse_detector-vitishls/solution1/sim/verilog/pulse_detector.v" into library xil_defaultlib
INFO: [VRFC 10-311] analyzing module pulse_detector
INFO: [VRFC 10-2263] Analyzing SystemVerilog file "/home/minh/Documents/UTU-work-related/VHDL_2024/exercise_5/vending-machine/pulse_detector-vitishls-ip/pulse_detector-vitishls/solution1/sim/verilog/pulse_detector.autotb.v" into library xil_defaultlib
INFO: [VRFC 10-311] analyzing module apatb_pulse_detector_top
INFO: [VRFC 10-2263] Analyzing SystemVerilog file "/home/minh/Documents/UTU-work-related/VHDL_2024/exercise_5/vending-machine/pulse_detector-vitishls-ip/pulse_detector-vitishls/solution1/sim/verilog/dataflow_monitor.sv" into library xil_defaultlib
INFO: [VRFC 10-311] analyzing module dataflow_monitor
Starting static elaboration
Pass Through NonSizing Optimizer
Completed static elaboration
Starting simulation data flow analysis
Completed simulation data flow analysis
Time Resolution for simulation is 1ps
Compiling package xil_defaultlib.$unit_dataflow_monitor_sv
Compiling module xil_defaultlib.pulse_detector
Compiling module xil_defaultlib.nodf_module_intf
Compiling module xil_defaultlib.dataflow_monitor
Compiling module xil_defaultlib.apatb_pulse_detector_top
Compiling module work.glbl
Built simulation snapshot pulse_detector

****** xsim v2023.1 (64-bit)
  **** SW Build 3865809 on Sun May  7 15:04:56 MDT 2023
  **** IP Build 3864474 on Sun May  7 20:36:21 MDT 2023
  **** SharedData Build 3865790 on Sun May 07 13:33:03 MDT 2023
    ** Copyright 1986-2022 Xilinx, Inc. All Rights Reserved.
    ** Copyright 2022-2023 Advanced Micro Devices, Inc. All Rights Reserved.

source xsim.dir/pulse_detector/xsim_script.tcl
# xsim {pulse_detector} -view {{pulse_detector_dataflow_ana.wcfg}} -tclbatch {pulse_detector.tcl} -protoinst {pulse_detector.protoinst}
INFO: [Wavedata 42-565] Reading protoinst file pulse_detector.protoinst
Time resolution is 1 ps
open_wave_config pulse_detector_dataflow_ana.wcfg
source pulse_detector.tcl
## log_wave -r /
WARNING: [Simtcl 6-197] One or more HDL objects could not be logged because of object type or size limitations.  To see details please rerun the command with -verbose (-v).
## set designtopgroup [add_wave_group "Design Top Signals"]
## set coutputgroup [add_wave_group "C Outputs" -into $designtopgroup]
## set return_group [add_wave_group return(wire) -into $coutputgroup]
## add_wave /apatb_pulse_detector_top/AESL_inst_pulse_detector/out_r -into $return_group -radix hex
## set cinputgroup [add_wave_group "C Inputs" -into $designtopgroup]
## set return_group [add_wave_group return(wire) -into $cinputgroup]
## add_wave /apatb_pulse_detector_top/AESL_inst_pulse_detector/reset -into $return_group -radix hex
## add_wave /apatb_pulse_detector_top/AESL_inst_pulse_detector/pulse -into $return_group -radix hex
## set resetgroup [add_wave_group "Reset" -into $designtopgroup]
## add_wave /apatb_pulse_detector_top/AESL_inst_pulse_detector/ap_rst -into $resetgroup
## set clockgroup [add_wave_group "Clock" -into $designtopgroup]
## add_wave /apatb_pulse_detector_top/AESL_inst_pulse_detector/ap_clk -into $clockgroup
## set testbenchgroup [add_wave_group "Test Bench Signals"]
## set tbinternalsiggroup [add_wave_group "Internal Signals" -into $testbenchgroup]
## set tb_simstatus_group [add_wave_group "Simulation Status" -into $tbinternalsiggroup]
## set tb_portdepth_group [add_wave_group "Port Depth" -into $tbinternalsiggroup]
## add_wave /apatb_pulse_detector_top/AUTOTB_TRANSACTION_NUM -into $tb_simstatus_group -radix hex
## add_wave /apatb_pulse_detector_top/ready_cnt -into $tb_simstatus_group -radix hex
## add_wave /apatb_pulse_detector_top/done_cnt -into $tb_simstatus_group -radix hex
## add_wave /apatb_pulse_detector_top/LENGTH_out_r -into $tb_portdepth_group -radix hex
## add_wave /apatb_pulse_detector_top/LENGTH_pulse -into $tb_portdepth_group -radix hex
## add_wave /apatb_pulse_detector_top/LENGTH_reset -into $tb_portdepth_group -radix hex
## set tbcoutputgroup [add_wave_group "C Outputs" -into $testbenchgroup]
## set tb_return_group [add_wave_group return(wire) -into $tbcoutputgroup]
## add_wave /apatb_pulse_detector_top/out_r -into $tb_return_group -radix hex
## set tbcinputgroup [add_wave_group "C Inputs" -into $testbenchgroup]
## set tb_return_group [add_wave_group return(wire) -into $tbcinputgroup]
## add_wave /apatb_pulse_detector_top/reset -into $tb_return_group -radix hex
## add_wave /apatb_pulse_detector_top/pulse -into $tb_return_group -radix hex
## save_wave_config pulse_detector.wcfg
## run all
////////////////////////////////////////////////////////////////////////////////////
// Inter-Transaction Progress: Completed Transaction / Total Transaction
// Intra-Transaction Progress: Measured Latency / Latency Estimation * 100%
//
// RTL Simulation : "Inter-Transaction Progress" ["Intra-Transaction Progress"] @ "Simulation Time"
////////////////////////////////////////////////////////////////////////////////////
// RTL Simulation : 0 / 17 [n/a] @ "125000"
// RTL Simulation : 1 / 17 [n/a] @ "145000"
// RTL Simulation : 2 / 17 [n/a] @ "155000"
// RTL Simulation : 3 / 17 [n/a] @ "165000"
// RTL Simulation : 4 / 17 [n/a] @ "175000"
// RTL Simulation : 5 / 17 [n/a] @ "185000"
// RTL Simulation : 6 / 17 [n/a] @ "195000"
// RTL Simulation : 7 / 17 [n/a] @ "205000"
// RTL Simulation : 8 / 17 [n/a] @ "215000"
// RTL Simulation : 9 / 17 [n/a] @ "225000"
// RTL Simulation : 10 / 17 [n/a] @ "235000"
// RTL Simulation : 11 / 17 [n/a] @ "245000"
// RTL Simulation : 12 / 17 [n/a] @ "255000"
// RTL Simulation : 13 / 17 [n/a] @ "265000"
// RTL Simulation : 14 / 17 [n/a] @ "275000"
// RTL Simulation : 15 / 17 [n/a] @ "285000"
// RTL Simulation : 16 / 17 [n/a] @ "295000"
// RTL Simulation : 17 / 17 [n/a] @ "305000"
////////////////////////////////////////////////////////////////////////////////////
$finish called at time : 355 ns : File "/home/minh/Documents/UTU-work-related/VHDL_2024/exercise_5/vending-machine/pulse_detector-vitishls-ip/pulse_detector-vitishls/solution1/sim/verilog/pulse_detector.autotb.v" Line 308
## quit
INFO: [Common 17-206] Exiting xsim at Thu Nov  7 16:14:24 2024...
 pulse = 0, reset = 0 | output = 0
 pulse = 0, reset = 0 | output = 0
 pulse = 0, reset = 0 | output = 0
 pulse = 0, reset = 0 | output = 0
 pulse = 0, reset = 0 | output = 0
 pulse = 1, reset = 0 | output = 1
 pulse = 0, reset = 0 | output = 1
 pulse = 0, reset = 0 | output = 1
 pulse = 0, reset = 0 | output = 1
 pulse = 0, reset = 0 | output = 1
 pulse = 0, reset = 0 | output = 1
 pulse = 0, reset = 1 | output = 0
 pulse = 0, reset = 0 | output = 0
 pulse = 0, reset = 0 | output = 0
 pulse = 0, reset = 0 | output = 0
 pulse = 0, reset = 0 | output = 0
 pulse = 0, reset = 0 | output = 0
INFO: [COSIM-1000] *** C/RTL co-simulation finished: PASS ***
