
*** Running vivado
    with args -log design_1_pulse_generator_0_2.vds -m64 -product Vivado -mode batch -messageDb vivado.pb -notrace -source design_1_pulse_generator_0_2.tcl


ECHO is off.
ECHO is off.

****** Vivado v2023.1 (64-bit)
  **** SW Build 3865809 on Sun May  7 15:05:29 MDT 2023
  **** IP Build 3864474 on Sun May  7 20:36:21 MDT 2023
  **** SharedData Build 3865790 on Sun May 07 13:33:03 MDT 2023
    ** Copyright 1986-2022 Xilinx, Inc. All Rights Reserved.
    ** Copyright 2022-2023 Advanced Micro Devices, Inc. All Rights Reserved.

source design_1_pulse_generator_0_2.tcl -notrace
create_project: Time (s): cpu = 00:00:03 ; elapsed = 00:00:09 . Memory (MB): peak = 468.531 ; gain = 199.312
INFO: [IP_Flow 19-234] Refreshing IP repositories
INFO: [IP_Flow 19-1700] Loaded user IP repository 'c:/VHDL/Ex5/Ha_Do_2407698_E5'.
INFO: [IP_Flow 19-1700] Loaded user IP repository 'c:/VHDL/Ex5/pulse_detector-vitishls-ip'.
INFO: [IP_Flow 19-1700] Loaded user IP repository 'c:/VHDL/Ex5/pulse_generator-vitishls-ip'.
INFO: [IP_Flow 19-1700] Loaded user IP repository 'c:/VHDL/Ex5/debouncer'.
INFO: [IP_Flow 19-2313] Loaded Vivado IP repository 'C:/Xilinx/Vivado/2023.1/data/ip'.
INFO: [IP_Flow 19-6924] IPCACHE: Running cache check for IP inst: design_1_pulse_generator_0_2
INFO: [IP_Flow 19-6922] IPCACHE: Exporting cached entry 5cd0dab5bdcd202e to dir: C:/VHDL/Ex5/Ha_Do_2407698-E5-Vivado/Ha_Do_2407698-E5-Vivado.runs/design_1_pulse_generator_0_2_synth_1
INFO: [IP_Flow 19-6928] IPCACHE: copied cached file c:/VHDL/Ex5/Ha_Do_2407698-E5-Vivado/Ha_Do_2407698-E5-Vivado.cache/ip/2023.1/5/c/5cd0dab5bdcd202e/design_1_pulse_generator_0_0.dcp to C:/VHDL/Ex5/Ha_Do_2407698-E5-Vivado/Ha_Do_2407698-E5-Vivado.runs/design_1_pulse_generator_0_2_synth_1/design_1_pulse_generator_0_2.dcp.
INFO: [IP_Flow 19-6928] IPCACHE: copied cached file c:/VHDL/Ex5/Ha_Do_2407698-E5-Vivado/Ha_Do_2407698-E5-Vivado.cache/ip/2023.1/5/c/5cd0dab5bdcd202e/design_1_pulse_generator_0_0_sim_netlist.v to C:/VHDL/Ex5/Ha_Do_2407698-E5-Vivado/Ha_Do_2407698-E5-Vivado.runs/design_1_pulse_generator_0_2_synth_1/design_1_pulse_generator_0_2_sim_netlist.v.
INFO: [IP_Flow 19-6928] IPCACHE: copied cached file c:/VHDL/Ex5/Ha_Do_2407698-E5-Vivado/Ha_Do_2407698-E5-Vivado.cache/ip/2023.1/5/c/5cd0dab5bdcd202e/design_1_pulse_generator_0_0_sim_netlist.vhdl to C:/VHDL/Ex5/Ha_Do_2407698-E5-Vivado/Ha_Do_2407698-E5-Vivado.runs/design_1_pulse_generator_0_2_synth_1/design_1_pulse_generator_0_2_sim_netlist.vhdl.
INFO: [IP_Flow 19-6928] IPCACHE: copied cached file c:/VHDL/Ex5/Ha_Do_2407698-E5-Vivado/Ha_Do_2407698-E5-Vivado.cache/ip/2023.1/5/c/5cd0dab5bdcd202e/design_1_pulse_generator_0_0_stub.v to C:/VHDL/Ex5/Ha_Do_2407698-E5-Vivado/Ha_Do_2407698-E5-Vivado.runs/design_1_pulse_generator_0_2_synth_1/design_1_pulse_generator_0_2_stub.v.
INFO: [IP_Flow 19-6928] IPCACHE: copied cached file c:/VHDL/Ex5/Ha_Do_2407698-E5-Vivado/Ha_Do_2407698-E5-Vivado.cache/ip/2023.1/5/c/5cd0dab5bdcd202e/design_1_pulse_generator_0_0_stub.vhdl to C:/VHDL/Ex5/Ha_Do_2407698-E5-Vivado/Ha_Do_2407698-E5-Vivado.runs/design_1_pulse_generator_0_2_synth_1/design_1_pulse_generator_0_2_stub.vhdl.
INFO: [IP_Flow 19-4838] Using cached IP synthesis design for IP design_1_pulse_generator_0_2, cache-ID = 5cd0dab5bdcd202e.
INFO: [Common 17-206] Exiting Vivado at Fri Dec  6 17:32:27 2024...
