ECHO is off.
ECHO is off.
NOTE: Using modified tcl85t.dll from https://gitenterprise.xilinx.com/ACT/vitis_hls_tcl
INFO: [HLS 200-10] Running 'C:/Xilinx/Vitis_HLS/2023.1/bin/unwrapped/win64.o/vitis_hls.exe'
INFO: [HLS 200-10] For user 'khanh' on host 'ha-do' (Windows NT_amd64 version 6.2) on Wed Dec 11 13:03:59 +0200 2024
INFO: [HLS 200-10] In directory 'C:/VHDL/Ex5'
Sourcing Tcl script 'C:/VHDL/Ex5/Ha_Do_2407698_E5/solution1/export.tcl'
INFO: [HLS 200-1510] Running: source C:/VHDL/Ex5/Ha_Do_2407698_E5/solution1/export.tcl
INFO: [HLS 200-1510] Running: open_project Ha_Do_2407698_E5 
INFO: [HLS 200-10] Opening project 'C:/VHDL/Ex5/Ha_Do_2407698_E5'.
INFO: [HLS 200-1510] Running: set_top vending_machine 
INFO: [HLS 200-1510] Running: add_files ../../Users/khanh/Downloads/vending_machine-vitishls-files/vending_machine-vitishls-files/vending_machine.cpp 
INFO: [HLS 200-10] Adding design file '../../Users/khanh/Downloads/vending_machine-vitishls-files/vending_machine-vitishls-files/vending_machine.cpp' to the project
INFO: [HLS 200-1510] Running: add_files ../../Users/khanh/Downloads/vending_machine-vitishls-files/vending_machine-vitishls-files/vending_machine.h 
INFO: [HLS 200-10] Adding design file '../../Users/khanh/Downloads/vending_machine-vitishls-files/vending_machine-vitishls-files/vending_machine.h' to the project
INFO: [HLS 200-1510] Running: add_files -tb ../../Users/khanh/Downloads/vending_machine-vitishls-files/vending_machine-vitishls-files/vending_machine-tb.cpp -cflags -Wno-unknown-pragmas 
INFO: [HLS 200-10] Adding test bench file '../../Users/khanh/Downloads/vending_machine-vitishls-files/vending_machine-vitishls-files/vending_machine-tb.cpp' to the project
INFO: [HLS 200-1510] Running: add_files -tb ../../Users/khanh/Downloads/vending_machine-vitishls-files/vending_machine-vitishls-files/vending_machine-tb.h -cflags -Wno-unknown-pragmas 
INFO: [HLS 200-10] Adding test bench file '../../Users/khanh/Downloads/vending_machine-vitishls-files/vending_machine-vitishls-files/vending_machine-tb.h' to the project
INFO: [HLS 200-1510] Running: open_solution solution1 -flow_target vivado 
INFO: [HLS 200-10] Opening solution 'C:/VHDL/Ex5/Ha_Do_2407698_E5/solution1'.
INFO: [SYN 201-201] Setting up clock 'default' with a period of 10ns.
INFO: [HLS 200-1611] Setting target device to 'xc7z020-clg484-1'
INFO: [HLS 200-1505] Using flow_target 'vivado'
Resolution: For help on HLS 200-1505 see www.xilinx.com/cgi-bin/docs/rdoc?v=2023.1;t=hls+guidance;d=200-1505.html
INFO: [HLS 200-1464] Running solution command: config_cosim -tool=xsim
INFO: [HLS 200-1464] Running solution command: config_export -format=ip_catalog
INFO: [HLS 200-1464] Running solution command: config_export -rtl=verilog
INFO: [HLS 200-1510] Running: set_part xc7z020-clg484-1 
INFO: [HLS 200-1510] Running: create_clock -period 10 -name default 
INFO: [HLS 200-1510] Running: config_cosim -tool xsim 
INFO: [HLS 200-1510] Running: config_export -format ip_catalog -rtl verilog 
INFO: [HLS 200-1510] Running: source ./Ha_Do_2407698_E5/solution1/directives.tcl
INFO: [HLS 200-1510] Running: set_directive_top -name vending_machine vending_machine 
INFO: [HLS 200-1510] Running: export_design -rtl verilog -format ip_catalog 
INFO: [IMPL 213-8] Exporting RTL as a Vivado IP.
ECHO is off.
ECHO is off.

****** Vivado v2023.1 (64-bit)
  **** SW Build 3865809 on Sun May  7 15:05:29 MDT 2023
  **** IP Build 3864474 on Sun May  7 20:36:21 MDT 2023
  **** SharedData Build 3865790 on Sun May 07 13:33:03 MDT 2023
    ** Copyright 1986-2022 Xilinx, Inc. All Rights Reserved.
    ** Copyright 2022-2023 Advanced Micro Devices, Inc. All Rights Reserved.

source run_ippack.tcl -notrace
ipx::create_core: Time (s): cpu = 00:00:11 ; elapsed = 00:00:25 . Memory (MB): peak = 474.977 ; gain = 193.379
INFO: [IP_Flow 19-234] Refreshing IP repositories
INFO: [IP_Flow 19-1704] No user IP repositories specified
INFO: [IP_Flow 19-2313] Loaded Vivado IP repository 'C:/Xilinx/Vivado/2023.1/data/ip'.
INFO: [Common 17-206] Exiting Vivado at Wed Dec 11 13:04:36 2024...
INFO: [HLS 200-802] Generated output file Ha_Do_2407698_E5/solution1/impl/export.zip
INFO: [HLS 200-111] Finished Command export_design CPU user time: 1 seconds. CPU system time: 0 seconds. Elapsed time: 35.823 seconds; current allocated memory: 6.738 MB.
INFO: [HLS 200-112] Total CPU user time: 2 seconds. Total CPU system time: 1 seconds. Total elapsed time: 38.902 seconds; peak allocated memory: 91.582 MB.
