INFO: [SIM 2] *************** CSIM start ***************
INFO: [SIM 4] CSIM will launch GCC as the compiler.
   Compiling ../../../../../../Users/khanh/Downloads/vending_machine-vitishls-files/vending_machine-vitishls-files/vending_machine-tb.cpp in debug mode
   Compiling ../../../../../../Users/khanh/Downloads/vending_machine-vitishls-files/vending_machine-vitishls-files/vending_machine.cpp in debug mode
   Generating csim.exe
 nickel_in = 0 dime_in = 0 quarter_in = 0 |  candy_out = 0 nickel_out = 0 dime_out = 0b0
 nickel_in = 0 dime_in = 0 quarter_in = 0 |  candy_out = 0 nickel_out = 0 dime_out = 0b0
 nickel_in = 0 dime_in = 0 quarter_in = 0 |  candy_out = 0 nickel_out = 0 dime_out = 0b0
 nickel_in = 0 dime_in = 0 quarter_in = 0 |  candy_out = 0 nickel_out = 0 dime_out = 0b0
 nickel_in = 0 dime_in = 1 quarter_in = 0 |  candy_out = 0 nickel_out = 0 dime_out = 0b0
 nickel_in = 0 dime_in = 0 quarter_in = 0 |  candy_out = 0 nickel_out = 0 dime_out = 0b0
 nickel_in = 0 dime_in = 0 quarter_in = 0 |  candy_out = 0 nickel_out = 0 dime_out = 0b0
 nickel_in = 0 dime_in = 0 quarter_in = 0 |  candy_out = 0 nickel_out = 0 dime_out = 0b0
 nickel_in = 0 dime_in = 0 quarter_in = 0 |  candy_out = 0 nickel_out = 0 dime_out = 0b0
 nickel_in = 0 dime_in = 0 quarter_in = 0 |  candy_out = 0 nickel_out = 0 dime_out = 0b0
 nickel_in = 0 dime_in = 0 quarter_in = 0 |  candy_out = 0 nickel_out = 0 dime_out = 0b0
 nickel_in = 0 dime_in = 0 quarter_in = 0 |  candy_out = 0 nickel_out = 0 dime_out = 0b0
 nickel_in = 0 dime_in = 0 quarter_in = 0 |  candy_out = 0 nickel_out = 0 dime_out = 0b0
 nickel_in = 0 dime_in = 0 quarter_in = 0 |  candy_out = 0 nickel_out = 0 dime_out = 0b0
 nickel_in = 0 dime_in = 1 quarter_in = 0 |  candy_out = 0 nickel_out = 0 dime_out = 0b0
 nickel_in = 0 dime_in = 0 quarter_in = 0 |  candy_out = 0 nickel_out = 0 dime_out = 0b0
 nickel_in = 0 dime_in = 0 quarter_in = 0 |  candy_out = 0 nickel_out = 0 dime_out = 0b0
 nickel_in = 0 dime_in = 0 quarter_in = 0 |  candy_out = 0 nickel_out = 0 dime_out = 0b0
 nickel_in = 0 dime_in = 0 quarter_in = 0 |  candy_out = 0 nickel_out = 0 dime_out = 0b0
 nickel_in = 0 dime_in = 0 quarter_in = 0 |  candy_out = 0 nickel_out = 0 dime_out = 0b0
 nickel_in = 0 dime_in = 0 quarter_in = 0 |  candy_out = 0 nickel_out = 0 dime_out = 0b0
 nickel_in = 0 dime_in = 0 quarter_in = 1 |  candy_out = 0 nickel_out = 0 dime_out = 0b0
 nickel_in = 0 dime_in = 0 quarter_in = 0 |  candy_out = 1 nickel_out = 0 dime_out = 0b11
 nickel_in = 0 dime_in = 0 quarter_in = 0 |  candy_out = 0 nickel_out = 0 dime_out = 0b0
INFO: [SIM 1] CSim done with 0 errors.
INFO: [SIM 3] *************** CSIM finish ***************
