
*** Running vivado
    with args -log design_1_debouncer_1_0.vds -m64 -product Vivado -mode batch -messageDb vivado.pb -notrace -source design_1_debouncer_1_0.tcl


ECHO is off.
ECHO is off.

****** Vivado v2023.1 (64-bit)
  **** SW Build 3865809 on Sun May  7 15:05:29 MDT 2023
  **** IP Build 3864474 on Sun May  7 20:36:21 MDT 2023
  **** SharedData Build 3865790 on Sun May 07 13:33:03 MDT 2023
    ** Copyright 1986-2022 Xilinx, Inc. All Rights Reserved.
    ** Copyright 2022-2023 Advanced Micro Devices, Inc. All Rights Reserved.

source design_1_debouncer_1_0.tcl -notrace
create_project: Time (s): cpu = 00:00:12 ; elapsed = 00:00:22 . Memory (MB): peak = 469.324 ; gain = 199.738
INFO: [IP_Flow 19-234] Refreshing IP repositories
INFO: [IP_Flow 19-1700] Loaded user IP repository 'c:/VHDL/Ex5/pulse_detector-vitishls-ip'.
INFO: [IP_Flow 19-1700] Loaded user IP repository 'c:/VHDL/Ex5/debouncer'.
INFO: [IP_Flow 19-1700] Loaded user IP repository 'c:/VHDL/Ex5/Ha_Do_2407698_E5'.
INFO: [IP_Flow 19-1700] Loaded user IP repository 'c:/VHDL/Ex5/pulse_generator-vitishls-ip'.
INFO: [IP_Flow 19-2313] Loaded Vivado IP repository 'C:/Xilinx/Vivado/2023.1/data/ip'.
INFO: [IP_Flow 19-6924] IPCACHE: Running cache check for IP inst: design_1_debouncer_1_0
INFO: [IP_Flow 19-6922] IPCACHE: Exporting cached entry 81db7c5f3554fa03 to dir: C:/VHDL/Ex5/Ha_Do_2407698-E5-Vivado/Ha_Do_2407698-E5-Vivado.runs/design_1_debouncer_1_0_synth_1
INFO: [IP_Flow 19-6928] IPCACHE: copied cached file c:/VHDL/Ex5/Ha_Do_2407698-E5-Vivado/Ha_Do_2407698-E5-Vivado.cache/ip/2023.1/8/1/81db7c5f3554fa03/design_1_debouncer_0_5.dcp to C:/VHDL/Ex5/Ha_Do_2407698-E5-Vivado/Ha_Do_2407698-E5-Vivado.runs/design_1_debouncer_1_0_synth_1/design_1_debouncer_1_0.dcp.
INFO: [IP_Flow 19-6928] IPCACHE: copied cached file c:/VHDL/Ex5/Ha_Do_2407698-E5-Vivado/Ha_Do_2407698-E5-Vivado.cache/ip/2023.1/8/1/81db7c5f3554fa03/design_1_debouncer_0_5_sim_netlist.v to C:/VHDL/Ex5/Ha_Do_2407698-E5-Vivado/Ha_Do_2407698-E5-Vivado.runs/design_1_debouncer_1_0_synth_1/design_1_debouncer_1_0_sim_netlist.v.
INFO: [IP_Flow 19-6928] IPCACHE: copied cached file c:/VHDL/Ex5/Ha_Do_2407698-E5-Vivado/Ha_Do_2407698-E5-Vivado.cache/ip/2023.1/8/1/81db7c5f3554fa03/design_1_debouncer_0_5_sim_netlist.vhdl to C:/VHDL/Ex5/Ha_Do_2407698-E5-Vivado/Ha_Do_2407698-E5-Vivado.runs/design_1_debouncer_1_0_synth_1/design_1_debouncer_1_0_sim_netlist.vhdl.
INFO: [IP_Flow 19-6928] IPCACHE: copied cached file c:/VHDL/Ex5/Ha_Do_2407698-E5-Vivado/Ha_Do_2407698-E5-Vivado.cache/ip/2023.1/8/1/81db7c5f3554fa03/design_1_debouncer_0_5_stub.v to C:/VHDL/Ex5/Ha_Do_2407698-E5-Vivado/Ha_Do_2407698-E5-Vivado.runs/design_1_debouncer_1_0_synth_1/design_1_debouncer_1_0_stub.v.
INFO: [IP_Flow 19-6928] IPCACHE: copied cached file c:/VHDL/Ex5/Ha_Do_2407698-E5-Vivado/Ha_Do_2407698-E5-Vivado.cache/ip/2023.1/8/1/81db7c5f3554fa03/design_1_debouncer_0_5_stub.vhdl to C:/VHDL/Ex5/Ha_Do_2407698-E5-Vivado/Ha_Do_2407698-E5-Vivado.runs/design_1_debouncer_1_0_synth_1/design_1_debouncer_1_0_stub.vhdl.
INFO: [IP_Flow 19-4838] Using cached IP synthesis design for IP design_1_debouncer_1_0, cache-ID = 81db7c5f3554fa03.
INFO: [Common 17-206] Exiting Vivado at Wed Dec 11 13:10:22 2024...
