INFO: [HLS 200-10] Running '/tools/Xilinx/Vitis_HLS/2023.1/bin/unwrapped/lnx64.o/vitis_hls'
INFO: [HLS 200-10] For user 'minh' on host 'minhLenovo' (Linux_x86_64 version 6.8.0-48-generic) on Thu Nov 07 15:24:53 EET 2024
INFO: [HLS 200-10] On os Ubuntu 22.04.5 LTS
INFO: [HLS 200-10] In directory '/home/minh/Documents/UTU-work-related/VHDL_2024/exercise_5/vending-machine/pulse_generator-vitishls-ip'
Sourcing Tcl script '/home/minh/Documents/UTU-work-related/VHDL_2024/exercise_5/vending-machine/pulse_generator-vitishls-ip/pulse_generator-vitis-hls/solution1/export.tcl'
INFO: [HLS 200-1510] Running: source /home/minh/Documents/UTU-work-related/VHDL_2024/exercise_5/vending-machine/pulse_generator-vitishls-ip/pulse_generator-vitis-hls/solution1/export.tcl
INFO: [HLS 200-1510] Running: open_project pulse_generator-vitis-hls 
INFO: [HLS 200-10] Opening project '/home/minh/Documents/UTU-work-related/VHDL_2024/exercise_5/vending-machine/pulse_generator-vitishls-ip/pulse_generator-vitis-hls'.
INFO: [HLS 200-1510] Running: set_top pulse_generator 
INFO: [HLS 200-1510] Running: add_files src/pulse_generator.cpp 
INFO: [HLS 200-10] Adding design file 'src/pulse_generator.cpp' to the project
INFO: [HLS 200-1510] Running: add_files src/pulse_generator.h 
INFO: [HLS 200-10] Adding design file 'src/pulse_generator.h' to the project
INFO: [HLS 200-1510] Running: add_files -tb src/pulse_generator-tb.cpp -cflags -Wno-unknown-pragmas 
INFO: [HLS 200-10] Adding test bench file 'src/pulse_generator-tb.cpp' to the project
INFO: [HLS 200-1510] Running: add_files -tb src/pulse_generator-tb.h -cflags -Wno-unknown-pragmas 
INFO: [HLS 200-10] Adding test bench file 'src/pulse_generator-tb.h' to the project
INFO: [HLS 200-1510] Running: open_solution solution1 -flow_target vivado 
INFO: [HLS 200-10] Opening solution '/home/minh/Documents/UTU-work-related/VHDL_2024/exercise_5/vending-machine/pulse_generator-vitishls-ip/pulse_generator-vitis-hls/solution1'.
INFO: [SYN 201-201] Setting up clock 'default' with a period of 10ns.
INFO: [HLS 200-1611] Setting target device to 'xc7z020-clg484-1'
INFO: [HLS 200-1505] Using flow_target 'vivado'
Resolution: For help on HLS 200-1505 see www.xilinx.com/cgi-bin/docs/rdoc?v=2023.1;t=hls+guidance;d=200-1505.html
INFO: [HLS 200-1464] Running solution command: config_export -output=/home/minh/Documents/UTU-work-related/VHDL_2024/exercise_5/vending-machine/pulse_generator-vitishls-ip
INFO: [HLS 200-1510] Running: set_part xc7z020clg484-1 
INFO: [HLS 200-1510] Running: create_clock -period 10 -name default 
INFO: [SYN 201-201] Setting up clock 'default' with a period of 10ns.
INFO: [HLS 200-1510] Running: config_export -output /home/minh/Documents/UTU-work-related/VHDL_2024/exercise_5/vending-machine/pulse_generator-vitishls-ip 
INFO: [HLS 200-1510] Running: source ./pulse_generator-vitis-hls/solution1/directives.tcl
INFO: [HLS 200-1510] Running: set_directive_top -name pulse_generator pulse_generator 
INFO: [HLS 200-1510] Running: export_design -rtl verilog -format ip_catalog -output /home/minh/Documents/UTU-work-related/VHDL_2024/exercise_5/vending-machine/pulse_generator-vitishls-ip 
INFO: [IMPL 213-8] Exporting RTL as a Vivado IP.

****** Vivado v2023.1 (64-bit)
  **** SW Build 3865809 on Sun May  7 15:04:56 MDT 2023
  **** IP Build 3864474 on Sun May  7 20:36:21 MDT 2023
  **** SharedData Build 3865790 on Sun May 07 13:33:03 MDT 2023
    ** Copyright 1986-2022 Xilinx, Inc. All Rights Reserved.
    ** Copyright 2022-2023 Advanced Micro Devices, Inc. All Rights Reserved.

source run_ippack.tcl -notrace
INFO: [IP_Flow 19-234] Refreshing IP repositories
INFO: [IP_Flow 19-1704] No user IP repositories specified
INFO: [IP_Flow 19-2313] Loaded Vivado IP repository '/tools/Xilinx/Vivado/2023.1/data/ip'.
INFO: [Common 17-206] Exiting Vivado at Thu Nov  7 15:25:01 2024...
INFO: [HLS 200-802] Generated output file export.zip
INFO: [HLS 200-111] Finished Command export_design CPU user time: 8.16 seconds. CPU system time: 0.73 seconds. Elapsed time: 11.36 seconds; current allocated memory: 6.512 MB.
INFO: [HLS 200-112] Total CPU user time: 8.99 seconds. Total CPU system time: 0.95 seconds. Total elapsed time: 12.23 seconds; peak allocated memory: 194.793 MB.
