C:/VHDL/Ex5/Ha_Do_2407698_E5/solution1/csynth.tcl:19:9: warning: HLS pragma dump _XLX_SEP_ PragmaIsValid=1_XLX_SEP_ PragmaType=top_XLX_SEP_ PragmaContext=directive_XLX_SEP_ PragmaFunction=vending_machine_XLX_SEP_ PragmaOptions=name=vending_machine_XLX_SEP_ [-Wdump-hls-pragmas]
#pragma HLSDIRECTIVE TOP name=vending_machine
        ^
C:/VHDL/Ex5/Ha_Do_2407698_E5/solution1/directives.tcl:7:9: warning: HLS pragma dump _XLX_SEP_ PragmaIsValid=1_XLX_SEP_ PragmaType=top_XLX_SEP_ PragmaContext=directive_XLX_SEP_ PragmaFunction=vending_machine_XLX_SEP_ PragmaOptions=name=vending_machine_XLX_SEP_ [-Wdump-hls-pragmas]
#pragma HLSDIRECTIVE TOP name=vending_machine
        ^
../../Users/khanh/Downloads/vending_machine-vitishls-files/vending_machine-vitishls-files/vending_machine.cpp:42:9: warning: HLS pragma dump _XLX_SEP_ PragmaIsValid=1_XLX_SEP_ PragmaType=interface_XLX_SEP_ PragmaContext=_XLX_SEP_ PragmaFunction=vending_machine_XLX_SEP_ PragmaOptions=ap_none port=nickel_in_XLX_SEP_ [-Wdump-hls-pragmas]
#pragma HLS INTERFACE ap_none port=nickel_in
        ^
../../Users/khanh/Downloads/vending_machine-vitishls-files/vending_machine-vitishls-files/vending_machine.cpp:43:9: warning: HLS pragma dump _XLX_SEP_ PragmaIsValid=1_XLX_SEP_ PragmaType=interface_XLX_SEP_ PragmaContext=_XLX_SEP_ PragmaFunction=vending_machine_XLX_SEP_ PragmaOptions=ap_none port=dime_in_XLX_SEP_ [-Wdump-hls-pragmas]
#pragma HLS INTERFACE ap_none port=dime_in
        ^
../../Users/khanh/Downloads/vending_machine-vitishls-files/vending_machine-vitishls-files/vending_machine.cpp:44:9: warning: HLS pragma dump _XLX_SEP_ PragmaIsValid=1_XLX_SEP_ PragmaType=interface_XLX_SEP_ PragmaContext=_XLX_SEP_ PragmaFunction=vending_machine_XLX_SEP_ PragmaOptions=ap_none port=quarter_in_XLX_SEP_ [-Wdump-hls-pragmas]
#pragma HLS INTERFACE ap_none port=quarter_in
        ^
../../Users/khanh/Downloads/vending_machine-vitishls-files/vending_machine-vitishls-files/vending_machine.cpp:46:9: warning: HLS pragma dump _XLX_SEP_ PragmaIsValid=1_XLX_SEP_ PragmaType=interface_XLX_SEP_ PragmaContext=_XLX_SEP_ PragmaFunction=vending_machine_XLX_SEP_ PragmaOptions=ap_none port=thanks_in_XLX_SEP_ [-Wdump-hls-pragmas]
#pragma HLS INTERFACE ap_none port=thanks_in
        ^
../../Users/khanh/Downloads/vending_machine-vitishls-files/vending_machine-vitishls-files/vending_machine.cpp:49:9: warning: HLS pragma dump _XLX_SEP_ PragmaIsValid=1_XLX_SEP_ PragmaType=interface_XLX_SEP_ PragmaContext=_XLX_SEP_ PragmaFunction=vending_machine_XLX_SEP_ PragmaOptions=ap_none port=candy_out_XLX_SEP_ [-Wdump-hls-pragmas]
#pragma HLS INTERFACE ap_none port=candy_out
        ^
../../Users/khanh/Downloads/vending_machine-vitishls-files/vending_machine-vitishls-files/vending_machine.cpp:50:9: warning: HLS pragma dump _XLX_SEP_ PragmaIsValid=1_XLX_SEP_ PragmaType=interface_XLX_SEP_ PragmaContext=_XLX_SEP_ PragmaFunction=vending_machine_XLX_SEP_ PragmaOptions=ap_none port=nickel_out_XLX_SEP_ [-Wdump-hls-pragmas]
#pragma HLS INTERFACE ap_none port=nickel_out
        ^
../../Users/khanh/Downloads/vending_machine-vitishls-files/vending_machine-vitishls-files/vending_machine.cpp:51:9: warning: HLS pragma dump _XLX_SEP_ PragmaIsValid=1_XLX_SEP_ PragmaType=interface_XLX_SEP_ PragmaContext=_XLX_SEP_ PragmaFunction=vending_machine_XLX_SEP_ PragmaOptions=ap_none port=dime_out_XLX_SEP_ [-Wdump-hls-pragmas]
#pragma HLS INTERFACE ap_none port=dime_out
        ^
../../Users/khanh/Downloads/vending_machine-vitishls-files/vending_machine-vitishls-files/vending_machine.cpp:53:9: warning: HLS pragma dump _XLX_SEP_ PragmaIsValid=1_XLX_SEP_ PragmaType=interface_XLX_SEP_ PragmaContext=_XLX_SEP_ PragmaFunction=vending_machine_XLX_SEP_ PragmaOptions=ap_ctrl_none port=return_XLX_SEP_ [-Wdump-hls-pragmas]
#pragma HLS INTERFACE ap_ctrl_none port=return
        ^
10 warnings generated.
